  Vector.cpp
D:\c++project\DS2024\DS2024\Vector.cpp(22,2): error C2059: 语法错误:“{”
  D:\c++project\DS2024\DS2024\Vector.cpp(22,2):
  模板实例化上下文(最早的实例化上下文)为
  	D:\c++project\DS2024\DS2024\Vector.cpp(4,29):
  	在编译类模板“Vector”时
  
D:\c++project\DS2024\DS2024\Vector.cpp(22,2): error C2334: “{”的前面有意外标记；跳过明显的函数体
D:\c++project\DS2024\DS2024\Vector.cpp(26,26): error C2146: 语法错误: 缺少“)”(在标识符“V”的前面)
D:\c++project\DS2024\DS2024\Vector.cpp(26,26): error C3646: “V”: 未知重写说明符
D:\c++project\DS2024\DS2024\Vector.cpp(26,27): error C2059: 语法错误:“)”
D:\c++project\DS2024\DS2024\Vector.cpp(26,2): error C2652: “Vector<T>”: 非法的复制构造函数: 第一个参数不应是“Vector<T>”
  D:\c++project\DS2024\DS2024\Vector.cpp(4,29):
  参见“Vector<T>”的声明
  
D:\c++project\DS2024\DS2024\Vector.cpp(26,1): error C2333: “Vector<T>::Vector”: 函数声明中有错误；跳过函数体
D:\c++project\DS2024\DS2024\Vector.cpp(37,44): error C3646: “comst；”: 未知重写说明符
D:\c++project\DS2024\DS2024\Vector.cpp(39,2): error C3646: “T”: 未知重写说明符
D:\c++project\DS2024\DS2024\Vector.cpp(39,3): error C2143: 语法错误: 缺少“;”(在“&”的前面)
D:\c++project\DS2024\DS2024\Vector.cpp(39,3): error C2059: 语法错误:“&”
D:\c++project\DS2024\DS2024\Vector.cpp(39,29): error C2238: 意外的标记位于“;”之前
D:\c++project\DS2024\DS2024\Vector.cpp(57,42): error C2059: 语法错误:“)”
D:\c++project\DS2024\DS2024\Vector.cpp(57,43): error C2059: 语法错误:“]”
D:\c++project\DS2024\DS2024\Vector.cpp(57,32): error C2065: “（hi”: 未声明的标识符
D:\c++project\DS2024\DS2024\Vector.cpp(57,43): error C1907: 无法从以前的错误中恢复；正在停止编译
